Connecting to database specified by database.yml


Started GET "/assets/rails.png" for 108.184.105.244 at Mon Mar 04 02:26:57 +0000 2013

Mysql2::Error (Access denied for user 'root'@'localhost' (using password: NO)):
  mysql2 (0.3.11) lib/mysql2/client.rb:44:in `connect'
  mysql2 (0.3.11) lib/mysql2/client.rb:44:in `initialize'
  activerecord (3.2.8) lib/active_record/connection_adapters/mysql2_adapter.rb:16:in `new'
  activerecord (3.2.8) lib/active_record/connection_adapters/mysql2_adapter.rb:16:in `mysql2_connection'
  activerecord (3.2.8) lib/active_record/connection_adapters/abstract/connection_pool.rb:309:in `send'
  activerecord (3.2.8) lib/active_record/connection_adapters/abstract/connection_pool.rb:309:in `new_connection'
  activerecord (3.2.8) lib/active_record/connection_adapters/abstract/connection_pool.rb:319:in `checkout_new_connection'
  activerecord (3.2.8) lib/active_record/connection_adapters/abstract/connection_pool.rb:241:in `checkout'
  activerecord (3.2.8) lib/active_record/connection_adapters/abstract/connection_pool.rb:236:in `loop'
  activerecord (3.2.8) lib/active_record/connection_adapters/abstract/connection_pool.rb:236:in `checkout'
  /home/fred/.rvm/rubies/ruby-1.8.7-p371/lib/ruby/1.8/monitor.rb:242:in `synchronize'
  activerecord (3.2.8) lib/active_record/connection_adapters/abstract/connection_pool.rb:233:in `checkout'
  activerecord (3.2.8) lib/active_record/connection_adapters/abstract/connection_pool.rb:96:in `connection'
  /home/fred/.rvm/rubies/ruby-1.8.7-p371/lib/ruby/1.8/monitor.rb:242:in `synchronize'
  activerecord (3.2.8) lib/active_record/connection_adapters/abstract/connection_pool.rb:95:in `connection'
  activerecord (3.2.8) lib/active_record/connection_adapters/abstract/connection_pool.rb:404:in `retrieve_connection'
  activerecord (3.2.8) lib/active_record/connection_adapters/abstract/connection_specification.rb:170:in `retrieve_connection'
  activerecord (3.2.8) lib/active_record/connection_adapters/abstract/connection_specification.rb:144:in `connection'
  activerecord (3.2.8) lib/active_record/query_cache.rb:67:in `call'
  activerecord (3.2.8) lib/active_record/connection_adapters/abstract/connection_pool.rb:473:in `call'
  actionpack (3.2.8) lib/action_dispatch/middleware/callbacks.rb:28:in `call'
  activesupport (3.2.8) lib/active_support/callbacks.rb:405:in `_run__1973498107__call__4__callbacks'
  activesupport (3.2.8) lib/active_support/callbacks.rb:405:in `send'
  activesupport (3.2.8) lib/active_support/callbacks.rb:405:in `__run_callback'
  activesupport (3.2.8) lib/active_support/callbacks.rb:385:in `_run_call_callbacks'
  activesupport (3.2.8) lib/active_support/callbacks.rb:81:in `send'
  activesupport (3.2.8) lib/active_support/callbacks.rb:81:in `run_callbacks'
  actionpack (3.2.8) lib/action_dispatch/middleware/callbacks.rb:27:in `call'
  actionpack (3.2.8) lib/action_dispatch/middleware/remote_ip.rb:31:in `call'
  actionpack (3.2.8) lib/action_dispatch/middleware/debug_exceptions.rb:16:in `call'
  actionpack (3.2.8) lib/action_dispatch/middleware/show_exceptions.rb:56:in `call'
  railties (3.2.8) lib/rails/rack/logger.rb:26:in `call_app'
  railties (3.2.8) lib/rails/rack/logger.rb:16:in `call'
  actionpack (3.2.8) lib/action_dispatch/middleware/request_id.rb:22:in `call'
  rack (1.4.5) lib/rack/methodoverride.rb:21:in `call'
  rack (1.4.5) lib/rack/runtime.rb:17:in `call'
  activesupport (3.2.8) lib/active_support/cache/strategy/local_cache.rb:72:in `call'
  rack (1.4.5) lib/rack/lock.rb:15:in `call'
  rack-cache (1.2) lib/rack/cache/context.rb:136:in `forward'
  rack-cache (1.2) lib/rack/cache/context.rb:245:in `fetch'
  rack-cache (1.2) lib/rack/cache/context.rb:185:in `lookup'
  rack-cache (1.2) lib/rack/cache/context.rb:66:in `call!'
  rack-cache (1.2) lib/rack/cache/context.rb:51:in `call'
  railties (3.2.8) lib/rails/engine.rb:479:in `call'
  railties (3.2.8) lib/rails/application.rb:223:in `call'
  railties (3.2.8) lib/rails/railtie/configurable.rb:30:in `send'
  railties (3.2.8) lib/rails/railtie/configurable.rb:30:in `method_missing'
  passenger (3.0.17) lib/phusion_passenger/rack/request_handler.rb:96:in `process_request'
  passenger (3.0.17) lib/phusion_passenger/abstract_request_handler.rb:516:in `accept_and_process_next_request'
  passenger (3.0.17) lib/phusion_passenger/abstract_request_handler.rb:274:in `main_loop'
  passenger (3.0.17) lib/phusion_passenger/rack/application_spawner.rb:206:in `start_request_handler'
  passenger (3.0.17) lib/phusion_passenger/rack/application_spawner.rb:171:in `send'
  passenger (3.0.17) lib/phusion_passenger/rack/application_spawner.rb:171:in `handle_spawn_application'
  passenger (3.0.17) lib/phusion_passenger/utils.rb:470:in `safe_fork'
  passenger (3.0.17) lib/phusion_passenger/rack/application_spawner.rb:166:in `handle_spawn_application'
  passenger (3.0.17) lib/phusion_passenger/abstract_server.rb:357:in `__send__'
  passenger (3.0.17) lib/phusion_passenger/abstract_server.rb:357:in `server_main_loop'
  passenger (3.0.17) lib/phusion_passenger/abstract_server.rb:206:in `start_synchronously'
  passenger (3.0.17) lib/phusion_passenger/abstract_server.rb:180:in `start'
  passenger (3.0.17) lib/phusion_passenger/rack/application_spawner.rb:129:in `start'
  passenger (3.0.17) lib/phusion_passenger/spawn_manager.rb:253:in `spawn_rack_application'
  passenger (3.0.17) lib/phusion_passenger/abstract_server_collection.rb:132:in `lookup_or_add'
  passenger (3.0.17) lib/phusion_passenger/spawn_manager.rb:246:in `spawn_rack_application'
  passenger (3.0.17) lib/phusion_passenger/abstract_server_collection.rb:82:in `synchronize'
  passenger (3.0.17) lib/phusion_passenger/abstract_server_collection.rb:79:in `synchronize'
  passenger (3.0.17) lib/phusion_passenger/spawn_manager.rb:244:in `spawn_rack_application'
  passenger (3.0.17) lib/phusion_passenger/spawn_manager.rb:137:in `spawn_application'
  passenger (3.0.17) lib/phusion_passenger/spawn_manager.rb:275:in `handle_spawn_application'
  passenger (3.0.17) lib/phusion_passenger/abstract_server.rb:357:in `__send__'
  passenger (3.0.17) lib/phusion_passenger/abstract_server.rb:357:in `server_main_loop'
  passenger (3.0.17) lib/phusion_passenger/abstract_server.rb:206:in `start_synchronously'
  passenger (3.0.17) helper-scripts/passenger-spawn-server:99




Started GET "/" for 108.184.105.244 at Mon Mar 04 02:27:17 +0000 2013

Mysql2::Error (Access denied for user 'root'@'localhost' (using password: NO)):
  mysql2 (0.3.11) lib/mysql2/client.rb:44:in `connect'
  mysql2 (0.3.11) lib/mysql2/client.rb:44:in `initialize'
  activerecord (3.2.8) lib/active_record/connection_adapters/mysql2_adapter.rb:16:in `new'
  activerecord (3.2.8) lib/active_record/connection_adapters/mysql2_adapter.rb:16:in `mysql2_connection'
  activerecord (3.2.8) lib/active_record/connection_adapters/abstract/connection_pool.rb:309:in `send'
  activerecord (3.2.8) lib/active_record/connection_adapters/abstract/connection_pool.rb:309:in `new_connection'
  activerecord (3.2.8) lib/active_record/connection_adapters/abstract/connection_pool.rb:319:in `checkout_new_connection'
  activerecord (3.2.8) lib/active_record/connection_adapters/abstract/connection_pool.rb:241:in `checkout'
  activerecord (3.2.8) lib/active_record/connection_adapters/abstract/connection_pool.rb:236:in `loop'
  activerecord (3.2.8) lib/active_record/connection_adapters/abstract/connection_pool.rb:236:in `checkout'
  /home/fred/.rvm/rubies/ruby-1.8.7-p371/lib/ruby/1.8/monitor.rb:242:in `synchronize'
  activerecord (3.2.8) lib/active_record/connection_adapters/abstract/connection_pool.rb:233:in `checkout'
  activerecord (3.2.8) lib/active_record/connection_adapters/abstract/connection_pool.rb:96:in `connection'
  /home/fred/.rvm/rubies/ruby-1.8.7-p371/lib/ruby/1.8/monitor.rb:242:in `synchronize'
  activerecord (3.2.8) lib/active_record/connection_adapters/abstract/connection_pool.rb:95:in `connection'
  activerecord (3.2.8) lib/active_record/connection_adapters/abstract/connection_pool.rb:404:in `retrieve_connection'
  activerecord (3.2.8) lib/active_record/connection_adapters/abstract/connection_specification.rb:170:in `retrieve_connection'
  activerecord (3.2.8) lib/active_record/connection_adapters/abstract/connection_specification.rb:144:in `connection'
  activerecord (3.2.8) lib/active_record/query_cache.rb:67:in `call'
  activerecord (3.2.8) lib/active_record/connection_adapters/abstract/connection_pool.rb:473:in `call'
  actionpack (3.2.8) lib/action_dispatch/middleware/callbacks.rb:28:in `call'
  activesupport (3.2.8) lib/active_support/callbacks.rb:405:in `_run__1973498107__call__4__callbacks'
  activesupport (3.2.8) lib/active_support/callbacks.rb:405:in `send'
  activesupport (3.2.8) lib/active_support/callbacks.rb:405:in `__run_callback'
  activesupport (3.2.8) lib/active_support/callbacks.rb:385:in `_run_call_callbacks'
  activesupport (3.2.8) lib/active_support/callbacks.rb:81:in `send'
  activesupport (3.2.8) lib/active_support/callbacks.rb:81:in `run_callbacks'
  actionpack (3.2.8) lib/action_dispatch/middleware/callbacks.rb:27:in `call'
  actionpack (3.2.8) lib/action_dispatch/middleware/remote_ip.rb:31:in `call'
  actionpack (3.2.8) lib/action_dispatch/middleware/debug_exceptions.rb:16:in `call'
  actionpack (3.2.8) lib/action_dispatch/middleware/show_exceptions.rb:56:in `call'
  railties (3.2.8) lib/rails/rack/logger.rb:26:in `call_app'
  railties (3.2.8) lib/rails/rack/logger.rb:16:in `call'
  actionpack (3.2.8) lib/action_dispatch/middleware/request_id.rb:22:in `call'
  rack (1.4.5) lib/rack/methodoverride.rb:21:in `call'
  rack (1.4.5) lib/rack/runtime.rb:17:in `call'
  activesupport (3.2.8) lib/active_support/cache/strategy/local_cache.rb:72:in `call'
  rack (1.4.5) lib/rack/lock.rb:15:in `call'
  rack-cache (1.2) lib/rack/cache/context.rb:136:in `forward'
  rack-cache (1.2) lib/rack/cache/context.rb:245:in `fetch'
  rack-cache (1.2) lib/rack/cache/context.rb:185:in `lookup'
  rack-cache (1.2) lib/rack/cache/context.rb:66:in `call!'
  rack-cache (1.2) lib/rack/cache/context.rb:51:in `call'
  railties (3.2.8) lib/rails/engine.rb:479:in `call'
  railties (3.2.8) lib/rails/application.rb:223:in `call'
  railties (3.2.8) lib/rails/railtie/configurable.rb:30:in `send'
  railties (3.2.8) lib/rails/railtie/configurable.rb:30:in `method_missing'
  passenger (3.0.17) lib/phusion_passenger/rack/request_handler.rb:96:in `process_request'
  passenger (3.0.17) lib/phusion_passenger/abstract_request_handler.rb:516:in `accept_and_process_next_request'
  passenger (3.0.17) lib/phusion_passenger/abstract_request_handler.rb:274:in `main_loop'
  passenger (3.0.17) lib/phusion_passenger/rack/application_spawner.rb:206:in `start_request_handler'
  passenger (3.0.17) lib/phusion_passenger/rack/application_spawner.rb:171:in `send'
  passenger (3.0.17) lib/phusion_passenger/rack/application_spawner.rb:171:in `handle_spawn_application'
  passenger (3.0.17) lib/phusion_passenger/utils.rb:470:in `safe_fork'
  passenger (3.0.17) lib/phusion_passenger/rack/application_spawner.rb:166:in `handle_spawn_application'
  passenger (3.0.17) lib/phusion_passenger/abstract_server.rb:357:in `__send__'
  passenger (3.0.17) lib/phusion_passenger/abstract_server.rb:357:in `server_main_loop'
  passenger (3.0.17) lib/phusion_passenger/abstract_server.rb:206:in `start_synchronously'
  passenger (3.0.17) lib/phusion_passenger/abstract_server.rb:180:in `start'
  passenger (3.0.17) lib/phusion_passenger/rack/application_spawner.rb:129:in `start'
  passenger (3.0.17) lib/phusion_passenger/spawn_manager.rb:253:in `spawn_rack_application'
  passenger (3.0.17) lib/phusion_passenger/abstract_server_collection.rb:132:in `lookup_or_add'
  passenger (3.0.17) lib/phusion_passenger/spawn_manager.rb:246:in `spawn_rack_application'
  passenger (3.0.17) lib/phusion_passenger/abstract_server_collection.rb:82:in `synchronize'
  passenger (3.0.17) lib/phusion_passenger/abstract_server_collection.rb:79:in `synchronize'
  passenger (3.0.17) lib/phusion_passenger/spawn_manager.rb:244:in `spawn_rack_application'
  passenger (3.0.17) lib/phusion_passenger/spawn_manager.rb:137:in `spawn_application'
  passenger (3.0.17) lib/phusion_passenger/spawn_manager.rb:275:in `handle_spawn_application'
  passenger (3.0.17) lib/phusion_passenger/abstract_server.rb:357:in `__send__'
  passenger (3.0.17) lib/phusion_passenger/abstract_server.rb:357:in `server_main_loop'
  passenger (3.0.17) lib/phusion_passenger/abstract_server.rb:206:in `start_synchronously'
  passenger (3.0.17) helper-scripts/passenger-spawn-server:99


